<?xml version="1.0" encoding="UTF-8"?>
<testsuite name="GenerateModelFactoryTest" tests="1" skipped="0" failures="0" errors="0" timestamp="2023-01-03T21:34:25" hostname="DESKTOP-GED4QJE" time="0.043">
  <properties/>
  <testcase name="generateModelFactory" classname="GenerateModelFactoryTest" time="0.043"/>
  <system-out><![CDATA[]]></system-out>
  <system-err><![CDATA[]]></system-err>
</testsuite>
